This file contains any messages produced by compilers while
running configure, to aid debugging if configure makes a mistake.

It was created by chirp2djmd5 configure 0.1, which was
generated by GNU Autoconf 2.69.  Invocation command line was

  $ ./configure 

## --------- ##
## Platform. ##
## --------- ##

hostname = cloud7
uname -m = x86_64
uname -r = 5.10.0-16-amd64
uname -s = Linux
uname -v = #1 SMP Debian 5.10.127-2 (2022-07-23)

/usr/bin/uname -p = unknown
/bin/uname -X     = unknown

/bin/arch              = x86_64
/usr/bin/arch -k       = unknown
/usr/convex/getsysinfo = unknown
/usr/bin/hostinfo      = unknown
/bin/machine           = unknown
/usr/bin/oslevel       = unknown
/bin/universe          = unknown

PATH: /usr/local/bin
PATH: /usr/bin
PATH: /bin
PATH: /usr/local/games
PATH: /usr/games


## ----------- ##
## Core tests. ##
## ----------- ##

configure:2181: checking for a BSD-compatible install
configure:2249: result: /usr/bin/install -c
configure:2260: checking whether build environment is sane
configure:2315: result: yes
configure:2461: checking for a thread-safe mkdir -p
configure:2500: result: /usr/bin/mkdir -p
configure:2507: checking for gawk
configure:2523: found /usr/bin/gawk
configure:2534: result: gawk
configure:2545: checking whether make sets $(MAKE)
configure:2567: result: yes
configure:2596: checking whether make supports nested variables
configure:2613: result: yes
configure:2797: checking for g++
configure:2813: found /usr/bin/g++
configure:2824: result: g++
configure:2851: checking for C++ compiler version
configure:2860: g++ --version >&5
g++ (Debian 10.2.1-6) 10.2.1 20210110
Copyright (C) 2020 Free Software Foundation, Inc.
This is free software; see the source for copying conditions.  There is NO
warranty; not even for MERCHANTABILITY or FITNESS FOR A PARTICULAR PURPOSE.

configure:2871: $? = 0
configure:2860: g++ -v >&5
Using built-in specs.
COLLECT_GCC=g++
COLLECT_LTO_WRAPPER=/usr/lib/gcc/x86_64-linux-gnu/10/lto-wrapper
OFFLOAD_TARGET_NAMES=nvptx-none:amdgcn-amdhsa:hsa
OFFLOAD_TARGET_DEFAULT=1
Target: x86_64-linux-gnu
Configured with: ../src/configure -v --with-pkgversion='Debian 10.2.1-6' --with-bugurl=file:///usr/share/doc/gcc-10/README.Bugs --enable-languages=c,ada,c++,go,brig,d,fortran,objc,obj-c++,m2 --prefix=/usr --with-gcc-major-version-only --program-suffix=-10 --program-prefix=x86_64-linux-gnu- --enable-shared --enable-linker-build-id --libexecdir=/usr/lib --without-included-gettext --enable-threads=posix --libdir=/usr/lib --enable-nls --enable-bootstrap --enable-clocale=gnu --enable-libstdcxx-debug --enable-libstdcxx-time=yes --with-default-libstdcxx-abi=new --enable-gnu-unique-object --disable-vtable-verify --enable-plugin --enable-default-pie --with-system-zlib --enable-libphobos-checking=release --with-target-system-zlib=auto --enable-objc-gc=auto --enable-multiarch --disable-werror --with-arch-32=i686 --with-abi=m64 --with-multilib-list=m32,m64,mx32 --enable-multilib --with-tune=generic --enable-offload-targets=nvptx-none=/build/gcc-10-Km9U7s/gcc-10-10.2.1/debian/tmp-nvptx/usr,amdgcn-amdhsa=/build/gcc-10-Km9U7s/gcc-10-10.2.1/debian/tmp-gcn/usr,hsa --without-cuda-driver --enable-checking=release --build=x86_64-linux-gnu --host=x86_64-linux-gnu --target=x86_64-linux-gnu --with-build-config=bootstrap-lto-lean --enable-link-mutex
Thread model: posix
Supported LTO compression algorithms: zlib zstd
gcc version 10.2.1 20210110 (Debian 10.2.1-6) 
... rest of stderr output deleted ...
configure:2871: $? = 0
configure:2860: g++ -V >&5
g++: error: unrecognized command-line option '-V'
g++: fatal error: no input files
compilation terminated.
configure:2871: $? = 1
configure:2860: g++ -qversion >&5
g++: error: unrecognized command-line option '-qversion'; did you mean '--version'?
g++: fatal error: no input files
compilation terminated.
configure:2871: $? = 1
configure:2891: checking whether the C++ compiler works
configure:2913: g++    conftest.cpp  >&5
configure:2917: $? = 0
configure:2965: result: yes
configure:2968: checking for C++ compiler default output file name
configure:2970: result: a.out
configure:2976: checking for suffix of executables
configure:2983: g++ -o conftest    conftest.cpp  >&5
configure:2987: $? = 0
configure:3009: result: 
configure:3031: checking whether we are cross compiling
configure:3039: g++ -o conftest    conftest.cpp  >&5
configure:3043: $? = 0
configure:3050: ./conftest
configure:3054: $? = 0
configure:3069: result: no
configure:3074: checking for suffix of object files
configure:3096: g++ -c   conftest.cpp >&5
configure:3100: $? = 0
configure:3121: result: o
configure:3125: checking whether we are using the GNU C++ compiler
configure:3144: g++ -c   conftest.cpp >&5
configure:3144: $? = 0
configure:3153: result: yes
configure:3162: checking whether g++ accepts -g
configure:3182: g++ -c -g  conftest.cpp >&5
configure:3182: $? = 0
configure:3223: result: yes
configure:3249: checking whether make supports the include directive
configure:3264: make -f confmf.GNU && cat confinc.out
this is the am__doit target
configure:3267: $? = 0
configure:3286: result: yes (GNU style)
configure:3311: checking dependency style of g++
configure:3422: result: gcc3
configure:3487: checking for gcc
configure:3503: found /usr/bin/gcc
configure:3514: result: gcc
configure:3743: checking for C compiler version
configure:3752: gcc --version >&5
gcc (Debian 10.2.1-6) 10.2.1 20210110
Copyright (C) 2020 Free Software Foundation, Inc.
This is free software; see the source for copying conditions.  There is NO
warranty; not even for MERCHANTABILITY or FITNESS FOR A PARTICULAR PURPOSE.

configure:3763: $? = 0
configure:3752: gcc -v >&5
Using built-in specs.
COLLECT_GCC=gcc
COLLECT_LTO_WRAPPER=/usr/lib/gcc/x86_64-linux-gnu/10/lto-wrapper
OFFLOAD_TARGET_NAMES=nvptx-none:amdgcn-amdhsa:hsa
OFFLOAD_TARGET_DEFAULT=1
Target: x86_64-linux-gnu
Configured with: ../src/configure -v --with-pkgversion='Debian 10.2.1-6' --with-bugurl=file:///usr/share/doc/gcc-10/README.Bugs --enable-languages=c,ada,c++,go,brig,d,fortran,objc,obj-c++,m2 --prefix=/usr --with-gcc-major-version-only --program-suffix=-10 --program-prefix=x86_64-linux-gnu- --enable-shared --enable-linker-build-id --libexecdir=/usr/lib --without-included-gettext --enable-threads=posix --libdir=/usr/lib --enable-nls --enable-bootstrap --enable-clocale=gnu --enable-libstdcxx-debug --enable-libstdcxx-time=yes --with-default-libstdcxx-abi=new --enable-gnu-unique-object --disable-vtable-verify --enable-plugin --enable-default-pie --with-system-zlib --enable-libphobos-checking=release --with-target-system-zlib=auto --enable-objc-gc=auto --enable-multiarch --disable-werror --with-arch-32=i686 --with-abi=m64 --with-multilib-list=m32,m64,mx32 --enable-multilib --with-tune=generic --enable-offload-targets=nvptx-none=/build/gcc-10-Km9U7s/gcc-10-10.2.1/debian/tmp-nvptx/usr,amdgcn-amdhsa=/build/gcc-10-Km9U7s/gcc-10-10.2.1/debian/tmp-gcn/usr,hsa --without-cuda-driver --enable-checking=release --build=x86_64-linux-gnu --host=x86_64-linux-gnu --target=x86_64-linux-gnu --with-build-config=bootstrap-lto-lean --enable-link-mutex
Thread model: posix
Supported LTO compression algorithms: zlib zstd
gcc version 10.2.1 20210110 (Debian 10.2.1-6) 
... rest of stderr output deleted ...
configure:3763: $? = 0
configure:3752: gcc -V >&5
gcc: error: unrecognized command-line option '-V'
gcc: fatal error: no input files
compilation terminated.
configure:3763: $? = 1
configure:3752: gcc -qversion >&5
gcc: error: unrecognized command-line option '-qversion'; did you mean '--version'?
gcc: fatal error: no input files
compilation terminated.
configure:3763: $? = 1
configure:3767: checking whether we are using the GNU C compiler
configure:3786: gcc -c  -I./include conftest.c >&5
configure:3786: $? = 0
configure:3795: result: yes
configure:3804: checking whether gcc accepts -g
configure:3824: gcc -c -g -I./include conftest.c >&5
configure:3824: $? = 0
configure:3865: result: yes
configure:3882: checking for gcc option to accept ISO C89
configure:3945: gcc  -c -g -O2 -I./include conftest.c >&5
configure:3945: $? = 0
configure:3958: result: none needed
configure:3983: checking whether gcc understands -c and -o together
configure:4005: gcc -c conftest.c -o conftest2.o
configure:4008: $? = 0
configure:4005: gcc -c conftest.c -o conftest2.o
configure:4008: $? = 0
configure:4020: result: yes
configure:4039: checking dependency style of gcc
configure:4150: result: gcc3
configure:4171: checking how to run the C preprocessor
configure:4202: gcc -E -I./include conftest.c
configure:4202: $? = 0
configure:4216: gcc -E -I./include conftest.c
conftest.c:11:10: fatal error: ac_nonexistent.h: No such file or directory
   11 | #include <ac_nonexistent.h>
      |          ^~~~~~~~~~~~~~~~~~
compilation terminated.
configure:4216: $? = 1
configure: failed program was:
| /* confdefs.h */
| #define PACKAGE_NAME "chirp2djmd5"
| #define PACKAGE_TARNAME "chirp2djmd5"
| #define PACKAGE_VERSION "0.1"
| #define PACKAGE_STRING "chirp2djmd5 0.1"
| #define PACKAGE_BUGREPORT "ultrapod333@gmail.com"
| #define PACKAGE_URL ""
| #define PACKAGE "chirp2djmd5"
| #define VERSION "0.1"
| /* end confdefs.h.  */
| #include <ac_nonexistent.h>
configure:4241: result: gcc -E
configure:4261: gcc -E -I./include conftest.c
configure:4261: $? = 0
configure:4275: gcc -E -I./include conftest.c
conftest.c:11:10: fatal error: ac_nonexistent.h: No such file or directory
   11 | #include <ac_nonexistent.h>
      |          ^~~~~~~~~~~~~~~~~~
compilation terminated.
configure:4275: $? = 1
configure: failed program was:
| /* confdefs.h */
| #define PACKAGE_NAME "chirp2djmd5"
| #define PACKAGE_TARNAME "chirp2djmd5"
| #define PACKAGE_VERSION "0.1"
| #define PACKAGE_STRING "chirp2djmd5 0.1"
| #define PACKAGE_BUGREPORT "ultrapod333@gmail.com"
| #define PACKAGE_URL ""
| #define PACKAGE "chirp2djmd5"
| #define VERSION "0.1"
| /* end confdefs.h.  */
| #include <ac_nonexistent.h>
configure:4304: checking for grep that handles long lines and -e
configure:4362: result: /usr/bin/grep
configure:4367: checking for egrep
configure:4429: result: /usr/bin/grep -E
configure:4434: checking for ANSI C header files
configure:4454: gcc -c -g -O2 -I./include conftest.c >&5
configure:4454: $? = 0
configure:4527: gcc -o conftest -g -O2 -I./include  conftest.c  >&5
configure:4527: $? = 0
configure:4527: ./conftest
configure:4527: $? = 0
configure:4538: result: yes
configure:4551: checking for sys/types.h
configure:4551: gcc -c -g -O2 -I./include conftest.c >&5
configure:4551: $? = 0
configure:4551: result: yes
configure:4551: checking for sys/stat.h
configure:4551: gcc -c -g -O2 -I./include conftest.c >&5
configure:4551: $? = 0
configure:4551: result: yes
configure:4551: checking for stdlib.h
configure:4551: gcc -c -g -O2 -I./include conftest.c >&5
configure:4551: $? = 0
configure:4551: result: yes
configure:4551: checking for string.h
configure:4551: gcc -c -g -O2 -I./include conftest.c >&5
configure:4551: $? = 0
configure:4551: result: yes
configure:4551: checking for memory.h
configure:4551: gcc -c -g -O2 -I./include conftest.c >&5
configure:4551: $? = 0
configure:4551: result: yes
configure:4551: checking for strings.h
configure:4551: gcc -c -g -O2 -I./include conftest.c >&5
configure:4551: $? = 0
configure:4551: result: yes
configure:4551: checking for inttypes.h
configure:4551: gcc -c -g -O2 -I./include conftest.c >&5
configure:4551: $? = 0
configure:4551: result: yes
configure:4551: checking for stdint.h
configure:4551: gcc -c -g -O2 -I./include conftest.c >&5
configure:4551: $? = 0
configure:4551: result: yes
configure:4551: checking for unistd.h
configure:4551: gcc -c -g -O2 -I./include conftest.c >&5
configure:4551: $? = 0
configure:4551: result: yes
configure:4565: checking csv.h usability
configure:4565: gcc -c -g -O2 -I./include conftest.c >&5
configure:4565: $? = 0
configure:4565: result: yes
configure:4565: checking csv.h presence
configure:4565: gcc -E -I./include conftest.c
configure:4565: $? = 0
configure:4565: result: yes
configure:4565: checking for csv.h
configure:4565: result: yes
configure:4582: checking for csv_parse in -lcsv
configure:4607: gcc -o conftest -g -O2 -I./include  conftest.c -lcsv   >&5
configure:4607: $? = 0
configure:4616: result: yes
configure:4764: checking that generated files are newer than configure
configure:4770: result: done
configure:4797: creating ./config.status

## ---------------------- ##
## Running config.status. ##
## ---------------------- ##

This file was extended by chirp2djmd5 config.status 0.1, which was
generated by GNU Autoconf 2.69.  Invocation command line was

  CONFIG_FILES    = 
  CONFIG_HEADERS  = 
  CONFIG_LINKS    = 
  CONFIG_COMMANDS = 
  $ ./config.status 

on cloud7

config.status:783: creating Makefile
config.status:955: executing depfiles commands
config.status:1032: cd .       && sed -e '/# am--include-marker/d' Makefile         | make -f - am--depfiles
make: Nothing to be done for 'am--depfiles'.
config.status:1037: $? = 0

## ---------------- ##
## Cache variables. ##
## ---------------- ##

ac_cv_c_compiler_gnu=yes
ac_cv_cxx_compiler_gnu=yes
ac_cv_env_CCC_set=
ac_cv_env_CCC_value=
ac_cv_env_CC_set=
ac_cv_env_CC_value=
ac_cv_env_CFLAGS_set=
ac_cv_env_CFLAGS_value=
ac_cv_env_CPPFLAGS_set=
ac_cv_env_CPPFLAGS_value=
ac_cv_env_CPP_set=
ac_cv_env_CPP_value=
ac_cv_env_CXXFLAGS_set=
ac_cv_env_CXXFLAGS_value=
ac_cv_env_CXX_set=
ac_cv_env_CXX_value=
ac_cv_env_LDFLAGS_set=
ac_cv_env_LDFLAGS_value=
ac_cv_env_LIBS_set=
ac_cv_env_LIBS_value=
ac_cv_env_build_alias_set=
ac_cv_env_build_alias_value=
ac_cv_env_host_alias_set=
ac_cv_env_host_alias_value=
ac_cv_env_target_alias_set=
ac_cv_env_target_alias_value=
ac_cv_header_csv_h=yes
ac_cv_header_inttypes_h=yes
ac_cv_header_memory_h=yes
ac_cv_header_stdc=yes
ac_cv_header_stdint_h=yes
ac_cv_header_stdlib_h=yes
ac_cv_header_string_h=yes
ac_cv_header_strings_h=yes
ac_cv_header_sys_stat_h=yes
ac_cv_header_sys_types_h=yes
ac_cv_header_unistd_h=yes
ac_cv_lib_csv_csv_parse=yes
ac_cv_objext=o
ac_cv_path_EGREP='/usr/bin/grep -E'
ac_cv_path_GREP=/usr/bin/grep
ac_cv_path_install='/usr/bin/install -c'
ac_cv_path_mkdir=/usr/bin/mkdir
ac_cv_prog_AWK=gawk
ac_cv_prog_CPP='gcc -E'
ac_cv_prog_ac_ct_CC=gcc
ac_cv_prog_ac_ct_CXX=g++
ac_cv_prog_cc_c89=
ac_cv_prog_cc_g=yes
ac_cv_prog_cxx_g=yes
ac_cv_prog_make_make_set=yes
am_cv_CC_dependencies_compiler_type=gcc3
am_cv_CXX_dependencies_compiler_type=gcc3
am_cv_make_support_nested_variables=yes
am_cv_prog_cc_c_o=yes

## ----------------- ##
## Output variables. ##
## ----------------- ##

ACLOCAL='${SHELL} '\''/home/phi/hamcreek/missing'\'' aclocal-1.16'
AMDEPBACKSLASH='\'
AMDEP_FALSE='#'
AMDEP_TRUE=''
AMTAR='$${TAR-tar}'
AM_BACKSLASH='\'
AM_DEFAULT_V='$(AM_DEFAULT_VERBOSITY)'
AM_DEFAULT_VERBOSITY='1'
AM_V='$(V)'
AUTOCONF='${SHELL} '\''/home/phi/hamcreek/missing'\'' autoconf'
AUTOHEADER='${SHELL} '\''/home/phi/hamcreek/missing'\'' autoheader'
AUTOMAKE='${SHELL} '\''/home/phi/hamcreek/missing'\'' automake-1.16'
AWK='gawk'
CC='gcc'
CCDEPMODE='depmode=gcc3'
CFLAGS='-g -O2'
CPP='gcc -E'
CPPFLAGS='-I./include'
CXX='g++'
CXXDEPMODE='depmode=gcc3'
CXXFLAGS='-g -O2'
CYGPATH_W='echo'
DEFS='-DPACKAGE_NAME=\"chirp2djmd5\" -DPACKAGE_TARNAME=\"chirp2djmd5\" -DPACKAGE_VERSION=\"0.1\" -DPACKAGE_STRING=\"chirp2djmd5\ 0.1\" -DPACKAGE_BUGREPORT=\"ultrapod333@gmail.com\" -DPACKAGE_URL=\"\" -DPACKAGE=\"chirp2djmd5\" -DVERSION=\"0.1\" -DSTDC_HEADERS=1 -DHAVE_SYS_TYPES_H=1 -DHAVE_SYS_STAT_H=1 -DHAVE_STDLIB_H=1 -DHAVE_STRING_H=1 -DHAVE_MEMORY_H=1 -DHAVE_STRINGS_H=1 -DHAVE_INTTYPES_H=1 -DHAVE_STDINT_H=1 -DHAVE_UNISTD_H=1 -DHAVE_CSV_H=1'
DEPDIR='.deps'
ECHO_C=''
ECHO_N='-n'
ECHO_T=''
EGREP='/usr/bin/grep -E'
EXEEXT=''
GREP='/usr/bin/grep'
INSTALL_DATA='${INSTALL} -m 644'
INSTALL_PROGRAM='${INSTALL}'
INSTALL_SCRIPT='${INSTALL}'
INSTALL_STRIP_PROGRAM='$(install_sh) -c -s'
LDFLAGS=''
LIBOBJS=''
LIBS=' -lcsv'
LTLIBOBJS=''
MAKEINFO='${SHELL} '\''/home/phi/hamcreek/missing'\'' makeinfo'
MKDIR_P='/usr/bin/mkdir -p'
OBJEXT='o'
PACKAGE='chirp2djmd5'
PACKAGE_BUGREPORT='ultrapod333@gmail.com'
PACKAGE_NAME='chirp2djmd5'
PACKAGE_STRING='chirp2djmd5 0.1'
PACKAGE_TARNAME='chirp2djmd5'
PACKAGE_URL=''
PACKAGE_VERSION='0.1'
PATH_SEPARATOR=':'
SET_MAKE=''
SHELL='/bin/bash'
STRIP=''
VERSION='0.1'
ac_ct_CC='gcc'
ac_ct_CXX='g++'
am__EXEEXT_FALSE=''
am__EXEEXT_TRUE='#'
am__fastdepCC_FALSE='#'
am__fastdepCC_TRUE=''
am__fastdepCXX_FALSE='#'
am__fastdepCXX_TRUE=''
am__include='include'
am__isrc=''
am__leading_dot='.'
am__nodep='_no'
am__quote=''
am__tar='$${TAR-tar} chof - "$$tardir"'
am__untar='$${TAR-tar} xf -'
bindir='${exec_prefix}/bin'
build_alias=''
datadir='${datarootdir}'
datarootdir='${prefix}/share'
docdir='${datarootdir}/doc/${PACKAGE_TARNAME}'
dvidir='${docdir}'
exec_prefix='${prefix}'
host_alias=''
htmldir='${docdir}'
includedir='${prefix}/include'
infodir='${datarootdir}/info'
install_sh='${SHELL} /home/phi/hamcreek/install-sh'
libdir='${exec_prefix}/lib'
libexecdir='${exec_prefix}/libexec'
localedir='${datarootdir}/locale'
localstatedir='${prefix}/var'
mandir='${datarootdir}/man'
mkdir_p='$(MKDIR_P)'
oldincludedir='/usr/include'
pdfdir='${docdir}'
prefix='/usr/local'
program_transform_name='s,x,x,'
psdir='${docdir}'
runstatedir='${localstatedir}/run'
sbindir='${exec_prefix}/sbin'
sharedstatedir='${prefix}/com'
sysconfdir='${prefix}/etc'
target_alias=''

## ----------- ##
## confdefs.h. ##
## ----------- ##

/* confdefs.h */
#define PACKAGE_NAME "chirp2djmd5"
#define PACKAGE_TARNAME "chirp2djmd5"
#define PACKAGE_VERSION "0.1"
#define PACKAGE_STRING "chirp2djmd5 0.1"
#define PACKAGE_BUGREPORT "ultrapod333@gmail.com"
#define PACKAGE_URL ""
#define PACKAGE "chirp2djmd5"
#define VERSION "0.1"
#define STDC_HEADERS 1
#define HAVE_SYS_TYPES_H 1
#define HAVE_SYS_STAT_H 1
#define HAVE_STDLIB_H 1
#define HAVE_STRING_H 1
#define HAVE_MEMORY_H 1
#define HAVE_STRINGS_H 1
#define HAVE_INTTYPES_H 1
#define HAVE_STDINT_H 1
#define HAVE_UNISTD_H 1
#define HAVE_CSV_H 1

configure: exit 0
